<?xml version="1.0" encoding="UTF-8"?>
<!-- Generated by org.testng.reporters.JUnitReportReporter -->
<testsuite skipped="0" hostname="DESKTOP-L7AGLPD" name="com.automation.smallcase.qa.test.AssignmentFlipkartAmazon" tests="1" failures="0" timestamp="28 Oct 2020 12:25:43 GMT" time="43.081" errors="0">
  <testcase name="TestFlipkartSearch" time="43.081" classname="com.automation.smallcase.qa.test.AssignmentFlipkartAmazon"/>
</testsuite> <!-- com.automation.smallcase.qa.test.AssignmentFlipkartAmazon -->
